<?xml version="1.0" encoding="UTF-8"?>
<!-- Generated by org.testng.reporters.JUnitXMLReporter -->
<testsuite ignored="0" hostname="LAPTOP-UVKNEQCG" failures="1" tests="2" name="OpenCartTest" time="11.715" errors="0" timestamp="2023-04-01T14:29:06 IST">
  <testcase classname="testCases.TC_001_AccountRegistrationTest" name="test_AccountRegistrationTest" time="3.493">
    <failure type="java.lang.AssertionError" message="null">
      <![CDATA[java.lang.AssertionError: null
at testCases.TC_001_AccountRegistrationTest.test_AccountRegistrationTest(TC_001_AccountRegistrationTest.java:42)
at java.base/java.util.ArrayList.forEach(ArrayList.java:1511)
... Removed 29 stack frames]]>
    </failure>
  </testcase> <!-- test_AccountRegistrationTest -->
  <testcase classname="testCases.TC_002_LoginTest" name="test_login" time="1.599"/>
</testsuite> <!-- OpenCartTest -->
